<?xml version="1.0" encoding="UTF-8"?>
<testng-results skipped="0" failed="0" ignored="0" total="1" passed="1">
  <reporter-output>
  </reporter-output>
  <suite name="Default suite" duration-ms="1593" started-at="2019-03-19T20:45:23Z" finished-at="2019-03-19T20:45:25Z">
    <groups>
    </groups>
    <test name="Default test" duration-ms="1593" started-at="2019-03-19T20:45:23Z" finished-at="2019-03-19T20:45:25Z">
      <class name="com.flipkart.qa.runner.BrokenLinkRunner">
        <test-method status="PASS" signature="initialize()[pri:0, instance:com.flipkart.qa.runner.BrokenLinkRunner@cb644e]" name="initialize" is-config="true" duration-ms="773" started-at="2019-03-19T20:45:23Z" finished-at="2019-03-19T20:45:24Z">
          <reporter-output>
          </reporter-output>
        </test-method> <!-- initialize -->
        <test-method status="PASS" signature="bLTest(cucumber.api.testng.CucumberFeatureWrapper)[pri:0, instance:com.flipkart.qa.runner.BrokenLinkRunner@cb644e]" name="bLTest" duration-ms="466" started-at="2019-03-19T20:45:24Z" description="broken link test" data-provider="features" finished-at="2019-03-19T20:45:25Z">
          <params>
            <param index="0">
              <value>
                <![CDATA[Flipkart.com link validation]]>
              </value>
            </param>
          </params>
          <reporter-output>
          </reporter-output>
        </test-method> <!-- bLTest -->
        <test-method status="PASS" signature="done()[pri:0, instance:com.flipkart.qa.runner.BrokenLinkRunner@cb644e]" name="done" is-config="true" duration-ms="5" started-at="2019-03-19T20:45:25Z" finished-at="2019-03-19T20:45:25Z">
          <reporter-output>
          </reporter-output>
        </test-method> <!-- done -->
      </class> <!-- com.flipkart.qa.runner.BrokenLinkRunner -->
    </test> <!-- Default test -->
  </suite> <!-- Default suite -->
</testng-results>
